This file contains any messages produced by compilers while
running configure, to aid debugging if configure makes a mistake.

It was created by libcuckoo configure 0.1, which was
generated by GNU Autoconf 2.69.  Invocation command line was

  $ ./configure 

## --------- ##
## Platform. ##
## --------- ##

hostname = laptop-3.local
uname -m = x86_64
uname -r = 13.0.0
uname -s = Darwin
uname -v = Darwin Kernel Version 13.0.0: Thu Sep 19 22:22:27 PDT 2013; root:xnu-2422.1.72~6/RELEASE_X86_64

/usr/bin/uname -p = i386
/bin/uname -X     = unknown

/bin/arch              = unknown
/usr/bin/arch -k       = unknown
/usr/convex/getsysinfo = unknown
/usr/bin/hostinfo      = Mach kernel version:
	 Darwin Kernel Version 13.0.0: Thu Sep 19 22:22:27 PDT 2013; root:xnu-2422.1.72~6/RELEASE_X86_64
Kernel configured for up to 8 processors.
4 processors are physically available.
8 processors are logically available.
Processor type: i486 (Intel 80486)
Processors active: 0 1 2 3 4 5 6 7
Primary memory available: 16.00 gigabytes
Default processor set: 231 tasks, 1163 threads, 8 processors
Load average: 2.12, Mach factor: 5.87
/bin/machine           = unknown
/usr/bin/oslevel       = unknown
/bin/universe          = unknown

PATH: /Users/manu/.opam/4.01.0/bin
PATH: /Users/manu/.cabal/bin
PATH: /Users/manu/gocode/bin
PATH: /Users/manu/.opam/4.01.0/bin
PATH: /Users/manu/.cabal/bin
PATH: /Users/manu/gocode/bin
PATH: /usr/local/go/bin
PATH: /usr/local/hla
PATH: /usr/local/mysql/bin
PATH: /opt/local/libexec/gnubin
PATH: /opt/local/bin
PATH: /opt/local/sbin
PATH: /opt/X11/bin
PATH: /usr/texbin
PATH: /usr/bin
PATH: /bin
PATH: /usr/sbin
PATH: /sbin
PATH: /usr/local/bin
PATH: /Users/manu/programming/libcuckoo-auxdirs
PATH: /Users/manu/programming/libcuckoo-auxdirs


## ----------- ##
## Core tests. ##
## ----------- ##

configure:2492: checking for a BSD-compatible install
configure:2560: result: /usr/bin/install -c
configure:2571: checking whether build environment is sane
configure:2626: result: yes
configure:2777: checking for a thread-safe mkdir -p
configure:2816: result: ./install-sh -c -d
configure:2823: checking for gawk
configure:2853: result: no
configure:2823: checking for mawk
configure:2853: result: no
configure:2823: checking for nawk
configure:2853: result: no
configure:2823: checking for awk
configure:2839: found /usr/bin/awk
configure:2850: result: awk
configure:2861: checking whether make sets $(MAKE)
configure:2883: result: yes
configure:2912: checking whether make supports nested variables
configure:2929: result: yes
configure:3076: checking for style of include used by make
configure:3104: result: GNU
configure:3175: checking for gcc
configure:3191: found /usr/bin/gcc
configure:3202: result: gcc
configure:3431: checking for C compiler version
configure:3440: gcc --version >&5
Apple LLVM version 5.0 (clang-500.2.79) (based on LLVM 3.3svn)
Target: x86_64-apple-darwin13.0.0
Thread model: posix
Configured with: --prefix=/Applications/Xcode.app/Contents/Developer/usr --with-gxx-include-dir=/Applications/Xcode.app/Contents/Developer/Platforms/MacOSX.platform/Developer/SDKs/MacOSX10.9.sdk/usr/include/c++/4.2.1
configure:3451: $? = 0
configure:3440: gcc -v >&5
Configured with: --prefix=/Applications/Xcode.app/Contents/Developer/usr --with-gxx-include-dir=/Applications/Xcode.app/Contents/Developer/Platforms/MacOSX.platform/Developer/SDKs/MacOSX10.9.sdk/usr/include/c++/4.2.1
Apple LLVM version 5.0 (clang-500.2.79) (based on LLVM 3.3svn)
Target: x86_64-apple-darwin13.0.0
Thread model: posix
configure:3451: $? = 0
configure:3440: gcc -V >&5
clang: error: argument to '-V' is missing (expected 1 value)
clang: error: no input files
configure:3451: $? = 1
configure:3440: gcc -qversion >&5
clang: error: no input files
configure:3451: $? = 1
configure:3471: checking whether the C compiler works
configure:3493: gcc    conftest.c  >&5
configure:3497: $? = 0
configure:3545: result: yes
configure:3548: checking for C compiler default output file name
configure:3550: result: a.out
configure:3556: checking for suffix of executables
configure:3563: gcc -o conftest    conftest.c  >&5
configure:3567: $? = 0
configure:3589: result: 
configure:3611: checking whether we are cross compiling
configure:3619: gcc -o conftest    conftest.c  >&5
configure:3623: $? = 0
configure:3630: ./conftest
configure:3634: $? = 0
configure:3649: result: no
configure:3654: checking for suffix of object files
configure:3676: gcc -c   conftest.c >&5
configure:3680: $? = 0
configure:3701: result: o
configure:3705: checking whether we are using the GNU C compiler
configure:3724: gcc -c   conftest.c >&5
configure:3724: $? = 0
configure:3733: result: yes
configure:3742: checking whether gcc accepts -g
configure:3762: gcc -c -g  conftest.c >&5
configure:3762: $? = 0
configure:3803: result: yes
configure:3820: checking for gcc option to accept ISO C89
configure:3883: gcc  -c   conftest.c >&5
configure:3883: $? = 0
configure:3896: result: none needed
configure:3921: checking whether gcc understands -c and -o together
configure:3943: gcc -c conftest.c -o conftest2.o
configure:3946: $? = 0
configure:3943: gcc -c conftest.c -o conftest2.o
configure:3946: $? = 0
configure:3958: result: yes
configure:3977: checking dependency style of gcc
configure:4088: result: gcc3
configure:4104: checking whether C compiler accepts -O4
configure:4123: gcc -c   -O4  conftest.c >&5
configure:4123: $? = 0
configure:4131: result: yes
configure:4174: checking whether C compiler accepts -DNDEBUG
configure:4193: gcc -c   -DNDEBUG  -O4 conftest.c >&5
configure:4193: $? = 0
configure:4201: result: yes
configure:4217: checking whether C compiler accepts -std=c99
configure:4236: gcc -c   -std=c99  -O4 -DNDEBUG conftest.c >&5
configure:4236: $? = 0
configure:4244: result: yes
configure:4252: checking whether C compiler accepts -Wall
configure:4271: gcc -c  -std=c99  -Wall  -O4 -DNDEBUG conftest.c >&5
configure:4271: $? = 0
configure:4279: result: yes
configure:4287: checking whether C compiler accepts -pthread
configure:4306: gcc -c  -std=c99 -Wall  -pthread  -O4 -DNDEBUG conftest.c >&5
configure:4306: $? = 0
configure:4314: result: yes
configure:4446: checking for C++ compiler version
configure:4455: c++ --version >&5
Apple LLVM version 5.0 (clang-500.2.79) (based on LLVM 3.3svn)
Target: x86_64-apple-darwin13.0.0
Thread model: posix
configure:4466: $? = 0
configure:4455: c++ -v >&5
Apple LLVM version 5.0 (clang-500.2.79) (based on LLVM 3.3svn)
Target: x86_64-apple-darwin13.0.0
Thread model: posix
configure:4466: $? = 0
configure:4455: c++ -V >&5
clang: error: argument to '-V' is missing (expected 1 value)
clang: error: no input files
configure:4466: $? = 1
configure:4455: c++ -qversion >&5
clang: error: no input files
configure:4466: $? = 1
configure:4470: checking whether we are using the GNU C++ compiler
configure:4489: c++ -c   -O4 -DNDEBUG conftest.cpp >&5
configure:4489: $? = 0
configure:4498: result: yes
configure:4507: checking whether c++ accepts -g
configure:4527: c++ -c -g  -O4 -DNDEBUG conftest.cpp >&5
configure:4527: $? = 0
configure:4568: result: yes
configure:4593: checking dependency style of c++
configure:4704: result: gcc3
configure:4720: checking whether C++ compiler accepts -std=c++0x
configure:4739: c++ -c   -std=c++0x  -O4 -DNDEBUG conftest.cpp >&5
configure:4739: $? = 0
configure:4747: result: yes
configure:4755: checking whether C++ compiler accepts -stdlib=libc++
configure:4774: c++ -c  -std=c++0x  -stdlib=libc++  -O4 -DNDEBUG conftest.cpp >&5
configure:4774: $? = 0
configure:4782: result: yes
configure:4790: checking whether C++ compiler accepts -Wall
configure:4809: c++ -c  -std=c++0x -stdlib=libc++  -Wall  -O4 -DNDEBUG conftest.cpp >&5
configure:4809: $? = 0
configure:4817: result: yes
configure:4825: checking whether C++ compiler accepts -pthread
configure:4844: c++ -c  -std=c++0x -stdlib=libc++ -Wall  -pthread  -O4 -DNDEBUG conftest.cpp >&5
configure:4844: $? = 0
configure:4852: result: yes
configure:4980: checking for C++ compiler version
configure:4989: c++ --version >&5
Apple LLVM version 5.0 (clang-500.2.79) (based on LLVM 3.3svn)
Target: x86_64-apple-darwin13.0.0
Thread model: posix
configure:5000: $? = 0
configure:4989: c++ -v >&5
Apple LLVM version 5.0 (clang-500.2.79) (based on LLVM 3.3svn)
Target: x86_64-apple-darwin13.0.0
Thread model: posix
configure:5000: $? = 0
configure:4989: c++ -V >&5
clang: error: argument to '-V' is missing (expected 1 value)
clang: error: no input files
configure:5000: $? = 1
configure:4989: c++ -qversion >&5
clang: error: no input files
configure:5000: $? = 1
configure:5004: checking whether we are using the GNU C++ compiler
configure:5032: result: yes
configure:5041: checking whether c++ accepts -g
configure:5102: result: yes
configure:5127: checking dependency style of c++
configure:5238: result: gcc3
configure:5301: checking for gcc
configure:5328: result: gcc
configure:5557: checking for C compiler version
configure:5566: gcc --version >&5
Apple LLVM version 5.0 (clang-500.2.79) (based on LLVM 3.3svn)
Target: x86_64-apple-darwin13.0.0
Thread model: posix
Configured with: --prefix=/Applications/Xcode.app/Contents/Developer/usr --with-gxx-include-dir=/Applications/Xcode.app/Contents/Developer/Platforms/MacOSX.platform/Developer/SDKs/MacOSX10.9.sdk/usr/include/c++/4.2.1
configure:5577: $? = 0
configure:5566: gcc -v >&5
Configured with: --prefix=/Applications/Xcode.app/Contents/Developer/usr --with-gxx-include-dir=/Applications/Xcode.app/Contents/Developer/Platforms/MacOSX.platform/Developer/SDKs/MacOSX10.9.sdk/usr/include/c++/4.2.1
Apple LLVM version 5.0 (clang-500.2.79) (based on LLVM 3.3svn)
Target: x86_64-apple-darwin13.0.0
Thread model: posix
configure:5577: $? = 0
configure:5566: gcc -V >&5
clang: error: argument to '-V' is missing (expected 1 value)
clang: error: no input files
configure:5577: $? = 1
configure:5566: gcc -qversion >&5
clang: error: no input files
configure:5577: $? = 1
configure:5581: checking whether we are using the GNU C compiler
configure:5609: result: yes
configure:5618: checking whether gcc accepts -g
configure:5679: result: yes
configure:5696: checking for gcc option to accept ISO C89
configure:5772: result: none needed
configure:5797: checking whether gcc understands -c and -o together
configure:5834: result: yes
configure:5853: checking dependency style of gcc
configure:5964: result: gcc3
configure:6010: checking build system type
configure:6024: result: x86_64-apple-darwin13.0.0
configure:6044: checking host system type
configure:6057: result: x86_64-apple-darwin13.0.0
configure:6098: checking how to print strings
configure:6125: result: printf
configure:6146: checking for a sed that does not truncate output
configure:6210: result: /usr/bin/sed
configure:6228: checking for grep that handles long lines and -e
configure:6286: result: /usr/bin/grep
configure:6291: checking for egrep
configure:6353: result: /usr/bin/grep -E
configure:6358: checking for fgrep
configure:6420: result: /usr/bin/grep -F
configure:6455: checking for ld used by gcc
configure:6522: result: /Applications/Xcode.app/Contents/Developer/Toolchains/XcodeDefault.xctoolchain/usr/bin/ld
configure:6529: checking if the linker (/Applications/Xcode.app/Contents/Developer/Toolchains/XcodeDefault.xctoolchain/usr/bin/ld) is GNU ld
configure:6544: result: no
configure:6556: checking for BSD- or MS-compatible name lister (nm)
configure:6605: result: /opt/local/bin/nm
configure:6735: checking the name lister (/opt/local/bin/nm) interface
configure:6742: gcc -c  -std=c99 -Wall -pthread  -O4 -DNDEBUG conftest.c >&5
configure:6745: /opt/local/bin/nm "conftest.o"
configure:6748: output
---------------- D _some_variable
configure:6755: result: BSD nm
configure:6758: checking whether ln -s works
configure:6762: result: yes
configure:6770: checking the maximum length of command line arguments
configure:6900: result: 196608
configure:6917: checking whether the shell understands some XSI constructs
configure:6927: result: yes
configure:6931: checking whether the shell understands "+="
configure:6937: result: yes
configure:6972: checking how to convert x86_64-apple-darwin13.0.0 file names to x86_64-apple-darwin13.0.0 format
configure:7012: result: func_convert_file_noop
configure:7019: checking how to convert x86_64-apple-darwin13.0.0 file names to toolchain format
configure:7039: result: func_convert_file_noop
configure:7046: checking for /Applications/Xcode.app/Contents/Developer/Toolchains/XcodeDefault.xctoolchain/usr/bin/ld option to reload object files
configure:7053: result: -r
configure:7127: checking for objdump
configure:7157: result: no
configure:7186: checking how to recognize dependent libraries
configure:7388: result: pass_all
configure:7473: checking for dlltool
configure:7503: result: no
configure:7533: checking how to associate runtime and link libraries
configure:7560: result: printf %s\n
configure:7620: checking for ar
configure:7636: found /opt/local/bin/ar
configure:7647: result: ar
configure:7684: checking for archiver @FILE support
configure:7701: gcc -c  -std=c99 -Wall -pthread  -O4 -DNDEBUG conftest.c >&5
configure:7701: $? = 0
configure:7704: ar cru libconftest.a @conftest.lst >&5
ar: @conftest.lst: No such file or directory
configure:7707: $? = 1
configure:7727: result: no
configure:7785: checking for strip
configure:7801: found /opt/local/bin/strip
configure:7812: result: strip
configure:7884: checking for ranlib
configure:7900: found /opt/local/bin/ranlib
configure:7911: result: ranlib
configure:8013: checking command to parse /opt/local/bin/nm output from gcc object
configure:8133: gcc -c  -std=c99 -Wall -pthread  -O4 -DNDEBUG conftest.c >&5
configure:8136: $? = 0
configure:8140: /opt/local/bin/nm conftest.o \| sed -n -e 's/^.*[ ]\([BCDEGRST][BCDEGRST]*\)[ ][ ]*\([_A-Za-z][_A-Za-z0-9]*\)$/\1 \2 \2/p' | sed '/ __gnu_lto/d' \> conftest.nm
configure:8143: $? = 0
cannot find nm_test_var in conftest.nm
configure:8133: gcc -c  -std=c99 -Wall -pthread  -O4 -DNDEBUG conftest.c >&5
configure:8136: $? = 0
configure:8140: /opt/local/bin/nm conftest.o \| sed -n -e 's/^.*[ ]\([BCDEGRST][BCDEGRST]*\)[ ][ ]*_\([_A-Za-z][_A-Za-z0-9]*\)$/\1 _\2 \2/p' | sed '/ __gnu_lto/d' \> conftest.nm
configure:8143: $? = 0
configure:8209: gcc -o conftest  -std=c99 -Wall -pthread  -O4 -DNDEBUG  conftest.c conftstm.o >&5
configure:8212: $? = 0
configure:8250: result: ok
configure:8287: checking for sysroot
configure:8317: result: no
configure:8573: checking for mt
configure:8603: result: no
configure:8623: checking if : is a manifest tool
configure:8629: : '-?'
configure:8637: result: no
configure:8693: checking for dsymutil
configure:8709: found /usr/bin/dsymutil
configure:8720: result: dsymutil
configure:8785: checking for nmedit
configure:8801: found /opt/local/bin/nmedit
configure:8812: result: nmedit
configure:8877: checking for lipo
configure:8893: found /opt/local/bin/lipo
configure:8904: result: lipo
configure:8969: checking for otool
configure:8985: found /opt/local/bin/otool
configure:8996: result: otool
configure:9061: checking for otool64
configure:9091: result: no
configure:9136: checking for -single_module linker flag
gcc  -std=c99 -Wall -pthread  -o libconftest.dylib -dynamiclib -Wl,-single_module conftest.c
configure:9169: result: yes
configure:9172: checking for -exported_symbols_list linker flag
configure:9192: gcc -o conftest  -std=c99 -Wall -pthread  -O4 -DNDEBUG  -Wl,-exported_symbols_list,conftest.sym conftest.c  >&5
configure:9192: $? = 0
configure:9202: result: yes
configure:9205: checking for -force_load linker flag
gcc  -std=c99 -Wall -pthread -c -o conftest.o conftest.c
ar cru libconftest.a conftest.o
ranlib libconftest.a
gcc  -std=c99 -Wall -pthread  -o conftest conftest.c -Wl,-force_load,./libconftest.a
configure:9237: result: yes
configure:9279: checking how to run the C preprocessor
configure:9310: gcc -E  -O4 -DNDEBUG conftest.c
configure:9310: $? = 0
configure:9324: gcc -E  -O4 -DNDEBUG conftest.c
conftest.c:11:10: fatal error: 'ac_nonexistent.h' file not found
#include <ac_nonexistent.h>
         ^
1 error generated.
configure:9324: $? = 1
configure: failed program was:
| /* confdefs.h */
| #define PACKAGE_NAME "libcuckoo"
| #define PACKAGE_TARNAME "libcuckoo"
| #define PACKAGE_VERSION "0.1"
| #define PACKAGE_STRING "libcuckoo 0.1"
| #define PACKAGE_BUGREPORT "fawn-dev@mailman.srv.cs.cmu.edu"
| #define PACKAGE_URL ""
| #define PACKAGE "libcuckoo"
| #define VERSION "0.1"
| /* end confdefs.h.  */
| #include <ac_nonexistent.h>
configure:9349: result: gcc -E
configure:9369: gcc -E  -O4 -DNDEBUG conftest.c
configure:9369: $? = 0
configure:9383: gcc -E  -O4 -DNDEBUG conftest.c
conftest.c:11:10: fatal error: 'ac_nonexistent.h' file not found
#include <ac_nonexistent.h>
         ^
1 error generated.
configure:9383: $? = 1
configure: failed program was:
| /* confdefs.h */
| #define PACKAGE_NAME "libcuckoo"
| #define PACKAGE_TARNAME "libcuckoo"
| #define PACKAGE_VERSION "0.1"
| #define PACKAGE_STRING "libcuckoo 0.1"
| #define PACKAGE_BUGREPORT "fawn-dev@mailman.srv.cs.cmu.edu"
| #define PACKAGE_URL ""
| #define PACKAGE "libcuckoo"
| #define VERSION "0.1"
| /* end confdefs.h.  */
| #include <ac_nonexistent.h>
configure:9412: checking for ANSI C header files
configure:9432: gcc -c  -std=c99 -Wall -pthread  -O4 -DNDEBUG conftest.c >&5
configure:9432: $? = 0
configure:9505: gcc -o conftest  -std=c99 -Wall -pthread  -O4 -DNDEBUG  conftest.c  >&5
configure:9505: $? = 0
configure:9505: ./conftest
configure:9505: $? = 0
configure:9516: result: yes
configure:9529: checking for sys/types.h
configure:9529: gcc -c  -std=c99 -Wall -pthread  -O4 -DNDEBUG conftest.c >&5
configure:9529: $? = 0
configure:9529: result: yes
configure:9529: checking for sys/stat.h
configure:9529: gcc -c  -std=c99 -Wall -pthread  -O4 -DNDEBUG conftest.c >&5
configure:9529: $? = 0
configure:9529: result: yes
configure:9529: checking for stdlib.h
configure:9529: gcc -c  -std=c99 -Wall -pthread  -O4 -DNDEBUG conftest.c >&5
configure:9529: $? = 0
configure:9529: result: yes
configure:9529: checking for string.h
configure:9529: gcc -c  -std=c99 -Wall -pthread  -O4 -DNDEBUG conftest.c >&5
configure:9529: $? = 0
configure:9529: result: yes
configure:9529: checking for memory.h
configure:9529: gcc -c  -std=c99 -Wall -pthread  -O4 -DNDEBUG conftest.c >&5
configure:9529: $? = 0
configure:9529: result: yes
configure:9529: checking for strings.h
configure:9529: gcc -c  -std=c99 -Wall -pthread  -O4 -DNDEBUG conftest.c >&5
configure:9529: $? = 0
configure:9529: result: yes
configure:9529: checking for inttypes.h
configure:9529: gcc -c  -std=c99 -Wall -pthread  -O4 -DNDEBUG conftest.c >&5
configure:9529: $? = 0
configure:9529: result: yes
configure:9529: checking for stdint.h
configure:9529: gcc -c  -std=c99 -Wall -pthread  -O4 -DNDEBUG conftest.c >&5
configure:9529: $? = 0
configure:9529: result: yes
configure:9529: checking for unistd.h
configure:9529: gcc -c  -std=c99 -Wall -pthread  -O4 -DNDEBUG conftest.c >&5
configure:9529: $? = 0
configure:9529: result: yes
configure:9543: checking for dlfcn.h
configure:9543: gcc -c  -std=c99 -Wall -pthread  -O4 -DNDEBUG conftest.c >&5
configure:9543: $? = 0
configure:9543: result: yes
configure:9759: checking for objdir
configure:9774: result: .libs
configure:10045: checking if gcc supports -fno-rtti -fno-exceptions
configure:10063: gcc -c  -std=c99 -Wall -pthread  -O4 -DNDEBUG -fno-rtti -fno-exceptions conftest.c >&5
configure:10067: $? = 0
configure:10080: result: yes
configure:10407: checking for gcc option to produce PIC
configure:10414: result: -fno-common -DPIC
configure:10422: checking if gcc PIC flag -fno-common -DPIC works
configure:10440: gcc -c  -std=c99 -Wall -pthread  -O4 -DNDEBUG -fno-common -DPIC -DPIC conftest.c >&5
configure:10444: $? = 0
configure:10457: result: yes
configure:10486: checking if gcc static flag -static works
configure:10514: result: no
configure:10529: checking if gcc supports -c -o file.o
configure:10550: gcc -c  -std=c99 -Wall -pthread  -O4 -DNDEBUG -o out/conftest2.o conftest.c >&5
configure:10554: $? = 0
configure:10576: result: yes
configure:10584: checking if gcc supports -c -o file.o
configure:10631: result: yes
configure:10664: checking whether the gcc linker (/Applications/Xcode.app/Contents/Developer/Toolchains/XcodeDefault.xctoolchain/usr/bin/ld) supports shared libraries
configure:11817: result: yes
configure:12057: checking dynamic linker characteristics
configure:12790: result: darwin13.0.0 dyld
configure:12897: checking how to hardcode library paths into programs
configure:12922: result: immediate
configure:13462: checking whether stripping libraries is possible
configure:13476: result: yes
configure:13502: checking if libtool supports shared libraries
configure:13504: result: yes
configure:13507: checking whether to build shared libraries
configure:13528: result: yes
configure:13531: checking whether to build static libraries
configure:13535: result: yes
configure:13558: checking how to run the C++ preprocessor
configure:13585: c++ -E  -O4 -DNDEBUG conftest.cpp
configure:13585: $? = 0
configure:13599: c++ -E  -O4 -DNDEBUG conftest.cpp
conftest.cpp:23:10: fatal error: 'ac_nonexistent.h' file not found
#include <ac_nonexistent.h>
         ^
1 error generated.
configure:13599: $? = 1
configure: failed program was:
| /* confdefs.h */
| #define PACKAGE_NAME "libcuckoo"
| #define PACKAGE_TARNAME "libcuckoo"
| #define PACKAGE_VERSION "0.1"
| #define PACKAGE_STRING "libcuckoo 0.1"
| #define PACKAGE_BUGREPORT "fawn-dev@mailman.srv.cs.cmu.edu"
| #define PACKAGE_URL ""
| #define PACKAGE "libcuckoo"
| #define VERSION "0.1"
| #define STDC_HEADERS 1
| #define HAVE_SYS_TYPES_H 1
| #define HAVE_SYS_STAT_H 1
| #define HAVE_STDLIB_H 1
| #define HAVE_STRING_H 1
| #define HAVE_MEMORY_H 1
| #define HAVE_STRINGS_H 1
| #define HAVE_INTTYPES_H 1
| #define HAVE_STDINT_H 1
| #define HAVE_UNISTD_H 1
| #define HAVE_DLFCN_H 1
| #define LT_OBJDIR ".libs/"
| /* end confdefs.h.  */
| #include <ac_nonexistent.h>
configure:13624: result: c++ -E
configure:13644: c++ -E  -O4 -DNDEBUG conftest.cpp
configure:13644: $? = 0
configure:13658: c++ -E  -O4 -DNDEBUG conftest.cpp
conftest.cpp:23:10: fatal error: 'ac_nonexistent.h' file not found
#include <ac_nonexistent.h>
         ^
1 error generated.
configure:13658: $? = 1
configure: failed program was:
| /* confdefs.h */
| #define PACKAGE_NAME "libcuckoo"
| #define PACKAGE_TARNAME "libcuckoo"
| #define PACKAGE_VERSION "0.1"
| #define PACKAGE_STRING "libcuckoo 0.1"
| #define PACKAGE_BUGREPORT "fawn-dev@mailman.srv.cs.cmu.edu"
| #define PACKAGE_URL ""
| #define PACKAGE "libcuckoo"
| #define VERSION "0.1"
| #define STDC_HEADERS 1
| #define HAVE_SYS_TYPES_H 1
| #define HAVE_SYS_STAT_H 1
| #define HAVE_STDLIB_H 1
| #define HAVE_STRING_H 1
| #define HAVE_MEMORY_H 1
| #define HAVE_STRINGS_H 1
| #define HAVE_INTTYPES_H 1
| #define HAVE_STDINT_H 1
| #define HAVE_UNISTD_H 1
| #define HAVE_DLFCN_H 1
| #define LT_OBJDIR ".libs/"
| /* end confdefs.h.  */
| #include <ac_nonexistent.h>
configure:13827: checking for ld used by c++
configure:13894: result: /Applications/Xcode.app/Contents/Developer/Toolchains/XcodeDefault.xctoolchain/usr/bin/ld
configure:13901: checking if the linker (/Applications/Xcode.app/Contents/Developer/Toolchains/XcodeDefault.xctoolchain/usr/bin/ld) is GNU ld
configure:13916: result: no
configure:13971: checking whether the c++ linker (/Applications/Xcode.app/Contents/Developer/Toolchains/XcodeDefault.xctoolchain/usr/bin/ld) supports shared libraries
configure:14976: result: yes
configure:15012: c++ -c  -std=c++0x -stdlib=libc++ -Wall -pthread  -O4 -DNDEBUG conftest.cpp >&5
configure:15015: $? = 0
configure:15535: checking for c++ option to produce PIC
configure:15542: result: -fno-common -DPIC
configure:15550: checking if c++ PIC flag -fno-common -DPIC works
configure:15568: c++ -c  -std=c++0x -stdlib=libc++ -Wall -pthread  -O4 -DNDEBUG -fno-common -DPIC -DPIC conftest.cpp >&5
configure:15572: $? = 0
configure:15585: result: yes
configure:15608: checking if c++ static flag -static works
configure:15636: result: no
configure:15648: checking if c++ supports -c -o file.o
configure:15669: c++ -c  -std=c++0x -stdlib=libc++ -Wall -pthread  -O4 -DNDEBUG -o out/conftest2.o conftest.cpp >&5
configure:15673: $? = 0
configure:15695: result: yes
configure:15700: checking if c++ supports -c -o file.o
configure:15747: result: yes
configure:15777: checking whether the c++ linker (/Applications/Xcode.app/Contents/Developer/Toolchains/XcodeDefault.xctoolchain/usr/bin/ld) supports shared libraries
configure:15813: result: yes
configure:15954: checking dynamic linker characteristics
configure:16621: result: darwin13.0.0 dyld
configure:16674: checking how to hardcode library paths into programs
configure:16699: result: immediate
configure:16762: checking for pthread_mutex_init in -lpthread
configure:16787: gcc -o conftest  -std=c99 -Wall -pthread  -O4 -DNDEBUG  conftest.c -lpthread   >&5
configure:16787: $? = 0
configure:16796: result: yes
configure:16811: checking for stdbool.h that conforms to C99
configure:16878: gcc -c  -std=c99 -Wall -pthread  -O4 -DNDEBUG conftest.c >&5
configure:16878: $? = 0
configure:16885: result: yes
configure:16887: checking for _Bool
configure:16887: gcc -c  -std=c99 -Wall -pthread  -O4 -DNDEBUG conftest.c >&5
configure:16887: $? = 0
configure:16887: gcc -c  -std=c99 -Wall -pthread  -O4 -DNDEBUG conftest.c >&5
conftest.c:60:20: error: expected expression
if (sizeof ((_Bool)))
                   ^
1 error generated.
configure:16887: $? = 1
configure: failed program was:
| /* confdefs.h */
| #define PACKAGE_NAME "libcuckoo"
| #define PACKAGE_TARNAME "libcuckoo"
| #define PACKAGE_VERSION "0.1"
| #define PACKAGE_STRING "libcuckoo 0.1"
| #define PACKAGE_BUGREPORT "fawn-dev@mailman.srv.cs.cmu.edu"
| #define PACKAGE_URL ""
| #define PACKAGE "libcuckoo"
| #define VERSION "0.1"
| #define STDC_HEADERS 1
| #define HAVE_SYS_TYPES_H 1
| #define HAVE_SYS_STAT_H 1
| #define HAVE_STDLIB_H 1
| #define HAVE_STRING_H 1
| #define HAVE_MEMORY_H 1
| #define HAVE_STRINGS_H 1
| #define HAVE_INTTYPES_H 1
| #define HAVE_STDINT_H 1
| #define HAVE_UNISTD_H 1
| #define HAVE_DLFCN_H 1
| #define LT_OBJDIR ".libs/"
| #define HAVE_LIBPTHREAD 1
| /* end confdefs.h.  */
| #include <stdio.h>
| #ifdef HAVE_SYS_TYPES_H
| # include <sys/types.h>
| #endif
| #ifdef HAVE_SYS_STAT_H
| # include <sys/stat.h>
| #endif
| #ifdef STDC_HEADERS
| # include <stdlib.h>
| # include <stddef.h>
| #else
| # ifdef HAVE_STDLIB_H
| #  include <stdlib.h>
| # endif
| #endif
| #ifdef HAVE_STRING_H
| # if !defined STDC_HEADERS && defined HAVE_MEMORY_H
| #  include <memory.h>
| # endif
| # include <string.h>
| #endif
| #ifdef HAVE_STRINGS_H
| # include <strings.h>
| #endif
| #ifdef HAVE_INTTYPES_H
| # include <inttypes.h>
| #endif
| #ifdef HAVE_STDINT_H
| # include <stdint.h>
| #endif
| #ifdef HAVE_UNISTD_H
| # include <unistd.h>
| #endif
| int
| main ()
| {
| if (sizeof ((_Bool)))
| 	    return 0;
|   ;
|   return 0;
| }
configure:16887: result: yes
configure:16904: checking for inline
configure:16920: gcc -c  -std=c99 -Wall -pthread  -O4 -DNDEBUG conftest.c >&5
configure:16920: $? = 0
configure:16928: result: inline
configure:16946: checking for uint16_t
configure:16946: gcc -c  -std=c99 -Wall -pthread  -O4 -DNDEBUG conftest.c >&5
configure:16946: $? = 0
configure:16946: result: yes
configure:16958: checking for uint32_t
configure:16958: gcc -c  -std=c99 -Wall -pthread  -O4 -DNDEBUG conftest.c >&5
configure:16958: $? = 0
configure:16958: result: yes
configure:16972: checking for uint64_t
configure:16972: gcc -c  -std=c99 -Wall -pthread  -O4 -DNDEBUG conftest.c >&5
configure:16972: $? = 0
configure:16972: result: yes
configure:16986: checking for uint8_t
configure:16986: gcc -c  -std=c99 -Wall -pthread  -O4 -DNDEBUG conftest.c >&5
configure:16986: $? = 0
configure:16986: result: yes
configure:17003: checking whether gcc needs -traditional
conftest.c:26:10: fatal error: 'termio.h' file not found
#include <termio.h>
         ^
1 error generated.
configure:17037: result: no
configure:17046: checking for stdlib.h
configure:17046: result: yes
configure:17056: checking for GNU libc compatible malloc
configure:17080: gcc -o conftest  -std=c99 -Wall -pthread  -O4 -DNDEBUG  conftest.c -lpthread  >&5
configure:17080: $? = 0
configure:17080: ./conftest
configure:17080: $? = 0
configure:17090: result: yes
configure:17111: checking for working memcmp
configure:17154: gcc -o conftest  -std=c99 -Wall -pthread  -O4 -DNDEBUG  conftest.c -lpthread  >&5
configure:17154: $? = 0
configure:17154: ./conftest
configure:17154: $? = 0
configure:17164: result: yes
configure:17175: checking for stdlib.h
configure:17175: result: yes
configure:17185: checking for GNU libc compatible realloc
configure:17209: gcc -o conftest  -std=c99 -Wall -pthread  -O4 -DNDEBUG  conftest.c -lpthread  >&5
configure:17209: $? = 0
configure:17209: ./conftest
configure:17209: $? = 0
configure:17219: result: yes
configure:17243: checking getopt.h usability
configure:17243: gcc -c  -std=c99 -Wall -pthread  -O4 -DNDEBUG conftest.c >&5
configure:17243: $? = 0
configure:17243: result: yes
configure:17243: checking getopt.h presence
configure:17243: gcc -E  -O4 -DNDEBUG conftest.c
configure:17243: $? = 0
configure:17243: result: yes
configure:17243: checking for getopt.h
configure:17243: result: yes
configure:17257: checking for endianness
configure:17284: gcc -o conftest  -std=c99 -Wall -pthread  -O4 -DNDEBUG  conftest.c -lpthread  >&5
conftest.c:37:9: warning: implicitly declaring library function 'exit' with type 'void (int) __attribute__((noreturn))'
        exit(*c == 1);
        ^
conftest.c:37:9: note: please include the header <stdlib.h> or explicitly provide a declaration for 'exit'
1 warning generated.
configure:17284: $? = 0
configure:17284: ./conftest
configure:17284: $? = 1
configure: program exited with status 1
configure: failed program was:
| /* confdefs.h */
| #define PACKAGE_NAME "libcuckoo"
| #define PACKAGE_TARNAME "libcuckoo"
| #define PACKAGE_VERSION "0.1"
| #define PACKAGE_STRING "libcuckoo 0.1"
| #define PACKAGE_BUGREPORT "fawn-dev@mailman.srv.cs.cmu.edu"
| #define PACKAGE_URL ""
| #define PACKAGE "libcuckoo"
| #define VERSION "0.1"
| #define STDC_HEADERS 1
| #define HAVE_SYS_TYPES_H 1
| #define HAVE_SYS_STAT_H 1
| #define HAVE_STDLIB_H 1
| #define HAVE_STRING_H 1
| #define HAVE_MEMORY_H 1
| #define HAVE_STRINGS_H 1
| #define HAVE_INTTYPES_H 1
| #define HAVE_STDINT_H 1
| #define HAVE_UNISTD_H 1
| #define HAVE_DLFCN_H 1
| #define LT_OBJDIR ".libs/"
| #define HAVE_LIBPTHREAD 1
| #define HAVE__BOOL 1
| #define HAVE_STDBOOL_H 1
| #define HAVE_STDLIB_H 1
| #define HAVE_MALLOC 1
| #define HAVE_STDLIB_H 1
| #define HAVE_REALLOC 1
| #define HAVE_GETOPT_H 1
| /* end confdefs.h.  */
| 
| int
| main ()
| {
|         long val = 1;
|         char *c = (char *) &val;
|         exit(*c == 1);
| 
|   ;
|   return 0;
| }
| 
configure:17299: result: little
configure:17431: checking that generated files are newer than configure
configure:17437: result: done
configure:17472: creating ./config.status

## ---------------------- ##
## Running config.status. ##
## ---------------------- ##

This file was extended by libcuckoo config.status 0.1, which was
generated by GNU Autoconf 2.69.  Invocation command line was

  CONFIG_FILES    = 
  CONFIG_HEADERS  = 
  CONFIG_LINKS    = 
  CONFIG_COMMANDS = 
  $ ./config.status 

on laptop-3.local

config.status:1151: creating Makefile
config.status:1151: creating lib/Makefile
config.status:1151: creating testing/Makefile
config.status:1151: creating config.h
config.status:1332: config.h is unchanged
config.status:1380: executing depfiles commands
config.status:1380: executing libtool commands

## ---------------- ##
## Cache variables. ##
## ---------------- ##

ac_cv_build=x86_64-apple-darwin13.0.0
ac_cv_c_compiler_gnu=yes
ac_cv_c_endian=little
ac_cv_c_inline=inline
ac_cv_c_uint16_t=yes
ac_cv_c_uint32_t=yes
ac_cv_c_uint64_t=yes
ac_cv_c_uint8_t=yes
ac_cv_cxx_compiler_gnu=yes
ac_cv_env_CCC_set=
ac_cv_env_CCC_value=
ac_cv_env_CC_set=
ac_cv_env_CC_value=
ac_cv_env_CFLAGS_set=
ac_cv_env_CFLAGS_value=
ac_cv_env_CPPFLAGS_set=
ac_cv_env_CPPFLAGS_value=
ac_cv_env_CPP_set=
ac_cv_env_CPP_value=
ac_cv_env_CXXCPP_set=
ac_cv_env_CXXCPP_value=
ac_cv_env_CXXFLAGS_set=
ac_cv_env_CXXFLAGS_value=
ac_cv_env_CXX_set=set
ac_cv_env_CXX_value=c++
ac_cv_env_LDFLAGS_set=
ac_cv_env_LDFLAGS_value=
ac_cv_env_LIBS_set=
ac_cv_env_LIBS_value=
ac_cv_env_build_alias_set=
ac_cv_env_build_alias_value=
ac_cv_env_host_alias_set=
ac_cv_env_host_alias_value=
ac_cv_env_target_alias_set=
ac_cv_env_target_alias_value=
ac_cv_func_malloc_0_nonnull=yes
ac_cv_func_memcmp_working=yes
ac_cv_func_realloc_0_nonnull=yes
ac_cv_header_dlfcn_h=yes
ac_cv_header_getopt_h=yes
ac_cv_header_inttypes_h=yes
ac_cv_header_memory_h=yes
ac_cv_header_stdbool_h=yes
ac_cv_header_stdc=yes
ac_cv_header_stdint_h=yes
ac_cv_header_stdlib_h=yes
ac_cv_header_string_h=yes
ac_cv_header_strings_h=yes
ac_cv_header_sys_stat_h=yes
ac_cv_header_sys_types_h=yes
ac_cv_header_unistd_h=yes
ac_cv_host=x86_64-apple-darwin13.0.0
ac_cv_lib_pthread_pthread_mutex_init=yes
ac_cv_objext=o
ac_cv_path_EGREP='/usr/bin/grep -E'
ac_cv_path_FGREP='/usr/bin/grep -F'
ac_cv_path_GREP=/usr/bin/grep
ac_cv_path_SED=/usr/bin/sed
ac_cv_path_install='/usr/bin/install -c'
ac_cv_prog_AWK=awk
ac_cv_prog_CPP='gcc -E'
ac_cv_prog_CXXCPP='c++ -E'
ac_cv_prog_ac_ct_AR=ar
ac_cv_prog_ac_ct_CC=gcc
ac_cv_prog_ac_ct_DSYMUTIL=dsymutil
ac_cv_prog_ac_ct_LIPO=lipo
ac_cv_prog_ac_ct_NMEDIT=nmedit
ac_cv_prog_ac_ct_OTOOL=otool
ac_cv_prog_ac_ct_RANLIB=ranlib
ac_cv_prog_ac_ct_STRIP=strip
ac_cv_prog_cc_c89=
ac_cv_prog_cc_g=yes
ac_cv_prog_cxx_g=yes
ac_cv_prog_gcc_traditional=no
ac_cv_prog_make_make_set=yes
ac_cv_type__Bool=yes
am_cv_CC_dependencies_compiler_type=gcc3
am_cv_CXX_dependencies_compiler_type=gcc3
am_cv_make_support_nested_variables=yes
am_cv_prog_cc_c_o=yes
ax_cv_check_cflags___DNDEBUG=yes
ax_cv_check_cflags___O4=yes
ax_cv_check_cflags___Wall=yes
ax_cv_check_cflags___pthread=yes
ax_cv_check_cflags___std_c99=yes
ax_cv_check_cxxflags___Wall=yes
ax_cv_check_cxxflags___pthread=yes
ax_cv_check_cxxflags___std_cpp0x=yes
ax_cv_check_cxxflags___stdlib_libcpp=yes
lt_cv_apple_cc_single_mod=yes
lt_cv_ar_at_file=no
lt_cv_deplibs_check_method=pass_all
lt_cv_file_magic_cmd='$MAGIC_CMD'
lt_cv_file_magic_test_file=
lt_cv_ld_exported_symbols_list=yes
lt_cv_ld_force_load=yes
lt_cv_ld_reload_flag=-r
lt_cv_nm_interface='BSD nm'
lt_cv_objdir=.libs
lt_cv_path_LD=/Applications/Xcode.app/Contents/Developer/Toolchains/XcodeDefault.xctoolchain/usr/bin/ld
lt_cv_path_LDCXX=/Applications/Xcode.app/Contents/Developer/Toolchains/XcodeDefault.xctoolchain/usr/bin/ld
lt_cv_path_NM=/opt/local/bin/nm
lt_cv_path_mainfest_tool=no
lt_cv_prog_compiler_c_o=yes
lt_cv_prog_compiler_c_o_CXX=yes
lt_cv_prog_compiler_pic='-fno-common -DPIC'
lt_cv_prog_compiler_pic_CXX='-fno-common -DPIC'
lt_cv_prog_compiler_pic_works=yes
lt_cv_prog_compiler_pic_works_CXX=yes
lt_cv_prog_compiler_rtti_exceptions=yes
lt_cv_prog_compiler_static_works=no
lt_cv_prog_compiler_static_works_CXX=no
lt_cv_prog_gnu_ld=no
lt_cv_prog_gnu_ldcxx=no
lt_cv_sharedlib_from_linklib_cmd='printf %s\n'
lt_cv_sys_global_symbol_pipe='sed -n -e '\''s/^.*[	 ]\([BCDEGRST][BCDEGRST]*\)[	 ][	 ]*_\([_A-Za-z][_A-Za-z0-9]*\)$/\1 _\2 \2/p'\'' | sed '\''/ __gnu_lto/d'\'''
lt_cv_sys_global_symbol_to_c_name_address='sed -n -e '\''s/^: \([^ ]*\)[ ]*$/  {\"\1\", (void *) 0},/p'\'' -e '\''s/^[BCDEGRST]* \([^ ]*\) \([^ ]*\)$/  {"\2", (void *) \&\2},/p'\'''
lt_cv_sys_global_symbol_to_c_name_address_lib_prefix='sed -n -e '\''s/^: \([^ ]*\)[ ]*$/  {\"\1\", (void *) 0},/p'\'' -e '\''s/^[BCDEGRST]* \([^ ]*\) \(lib[^ ]*\)$/  {"\2", (void *) \&\2},/p'\'' -e '\''s/^[BCDEGRST]* \([^ ]*\) \([^ ]*\)$/  {"lib\2", (void *) \&\2},/p'\'''
lt_cv_sys_global_symbol_to_cdecl='sed -n -e '\''s/^T .* \(.*\)$/extern int \1();/p'\'' -e '\''s/^[BCDEGRST]* .* \(.*\)$/extern char \1;/p'\'''
lt_cv_sys_max_cmd_len=196608
lt_cv_to_host_file_cmd=func_convert_file_noop
lt_cv_to_tool_file_cmd=func_convert_file_noop

## ----------------- ##
## Output variables. ##
## ----------------- ##

ACLOCAL='${SHELL} /Users/manu/programming/libcuckoo-dev/missing aclocal-1.14'
AMDEPBACKSLASH='\'
AMDEP_FALSE='#'
AMDEP_TRUE=''
AMTAR='$${TAR-tar}'
AM_BACKSLASH='\'
AM_DEFAULT_V='$(AM_DEFAULT_VERBOSITY)'
AM_DEFAULT_VERBOSITY='1'
AM_V='$(V)'
AR='ar'
AUTOCONF='${SHELL} /Users/manu/programming/libcuckoo-dev/missing autoconf'
AUTOHEADER='${SHELL} /Users/manu/programming/libcuckoo-dev/missing autoheader'
AUTOMAKE='${SHELL} /Users/manu/programming/libcuckoo-dev/missing automake-1.14'
AWK='awk'
CC='gcc'
CCDEPMODE='depmode=gcc3'
CFLAGS=' -std=c99 -Wall -pthread'
CPP='gcc -E'
CPPFLAGS=' -O4 -DNDEBUG'
CXX='c++'
CXXCPP='c++ -E'
CXXDEPMODE='depmode=gcc3'
CXXFLAGS=' -std=c++0x -stdlib=libc++ -Wall -pthread'
CYGPATH_W='echo'
DEFS='-DHAVE_CONFIG_H'
DEPDIR='.deps'
DLLTOOL='false'
DSYMUTIL='dsymutil'
DUMPBIN=''
ECHO_C='\c'
ECHO_N=''
ECHO_T=''
EGREP='/usr/bin/grep -E'
EXEEXT=''
FGREP='/usr/bin/grep -F'
GREP='/usr/bin/grep'
INSTALL_DATA='${INSTALL} -m 644'
INSTALL_PROGRAM='${INSTALL}'
INSTALL_SCRIPT='${INSTALL}'
INSTALL_STRIP_PROGRAM='$(install_sh) -c -s'
LD='/Applications/Xcode.app/Contents/Developer/Toolchains/XcodeDefault.xctoolchain/usr/bin/ld'
LDFLAGS=''
LIBOBJS=''
LIBS='-lpthread '
LIBTOOL='$(SHELL) $(top_builddir)/libtool'
LIPO='lipo'
LN_S='ln -s'
LTLIBOBJS=''
MAKEINFO='${SHELL} /Users/manu/programming/libcuckoo-dev/missing makeinfo'
MANIFEST_TOOL=':'
MKDIR_P='./install-sh -c -d'
NM='/opt/local/bin/nm'
NMEDIT='nmedit'
OBJDUMP='false'
OBJEXT='o'
OTOOL64=':'
OTOOL='otool'
PACKAGE='libcuckoo'
PACKAGE_BUGREPORT='fawn-dev@mailman.srv.cs.cmu.edu'
PACKAGE_NAME='libcuckoo'
PACKAGE_STRING='libcuckoo 0.1'
PACKAGE_TARNAME='libcuckoo'
PACKAGE_URL=''
PACKAGE_VERSION='0.1'
PATH_SEPARATOR=':'
RANLIB='ranlib'
SED='/usr/bin/sed'
SET_MAKE=''
SHELL='/bin/sh'
STRIP='strip'
VERSION='0.1'
ac_ct_AR='ar'
ac_ct_CC='gcc'
ac_ct_CXX=''
ac_ct_DUMPBIN=''
am__EXEEXT_FALSE=''
am__EXEEXT_TRUE='#'
am__fastdepCC_FALSE='#'
am__fastdepCC_TRUE=''
am__fastdepCXX_FALSE='#'
am__fastdepCXX_TRUE=''
am__include='include'
am__isrc=''
am__leading_dot='.'
am__nodep='_no'
am__quote=''
am__tar='$${TAR-tar} chof - "$$tardir"'
am__untar='$${TAR-tar} xf -'
bindir='${exec_prefix}/bin'
build='x86_64-apple-darwin13.0.0'
build_alias=''
build_cpu='x86_64'
build_os='darwin13.0.0'
build_vendor='apple'
datadir='${datarootdir}'
datarootdir='${prefix}/share'
docdir='${datarootdir}/doc/${PACKAGE_TARNAME}'
dvidir='${docdir}'
exec_prefix='${prefix}'
host='x86_64-apple-darwin13.0.0'
host_alias=''
host_cpu='x86_64'
host_os='darwin13.0.0'
host_vendor='apple'
htmldir='${docdir}'
includedir='${prefix}/include'
infodir='${datarootdir}/info'
install_sh='${SHELL} /Users/manu/programming/libcuckoo-dev/install-sh'
libdir='${exec_prefix}/lib'
libexecdir='${exec_prefix}/libexec'
localedir='${datarootdir}/locale'
localstatedir='${prefix}/var'
mandir='${datarootdir}/man'
mkdir_p='$(MKDIR_P)'
oldincludedir='/usr/include'
pdfdir='${docdir}'
prefix='/usr/local'
program_transform_name='s,x,x,'
psdir='${docdir}'
sbindir='${exec_prefix}/sbin'
sharedstatedir='${prefix}/com'
sysconfdir='${prefix}/etc'
target_alias=''

## ----------- ##
## confdefs.h. ##
## ----------- ##

/* confdefs.h */
#define PACKAGE_NAME "libcuckoo"
#define PACKAGE_TARNAME "libcuckoo"
#define PACKAGE_VERSION "0.1"
#define PACKAGE_STRING "libcuckoo 0.1"
#define PACKAGE_BUGREPORT "fawn-dev@mailman.srv.cs.cmu.edu"
#define PACKAGE_URL ""
#define PACKAGE "libcuckoo"
#define VERSION "0.1"
#define STDC_HEADERS 1
#define HAVE_SYS_TYPES_H 1
#define HAVE_SYS_STAT_H 1
#define HAVE_STDLIB_H 1
#define HAVE_STRING_H 1
#define HAVE_MEMORY_H 1
#define HAVE_STRINGS_H 1
#define HAVE_INTTYPES_H 1
#define HAVE_STDINT_H 1
#define HAVE_UNISTD_H 1
#define HAVE_DLFCN_H 1
#define LT_OBJDIR ".libs/"
#define HAVE_LIBPTHREAD 1
#define HAVE__BOOL 1
#define HAVE_STDBOOL_H 1
#define HAVE_STDLIB_H 1
#define HAVE_MALLOC 1
#define HAVE_STDLIB_H 1
#define HAVE_REALLOC 1
#define HAVE_GETOPT_H 1
#define ENDIAN_LITTLE 1

configure: exit 0
